<?xml version="1.0" encoding="UTF-8"?>
<!-- Generated by org.testng.reporters.JUnitXMLReporter -->
<testsuite ignored="0" hostname="LHR-QA-HIRA1" failures="1" tests="38" name="ALL TESTS" time="50.395" errors="0" timestamp="2022-04-03T21:26:00 PKT">
  <testcase classname="test.flights_test" name="flights_content_type_header_validation" time="0.071"/>
  <testcase classname="test.flights_test" name="flights_invalid_departureFrom_validation" time="1.451"/>
  <testcase classname="test.flights_test" name="flights_invalid_departureFrom_validation" time="0.766"/>
  <testcase classname="test.flights_test" name="flights_invalid_departureFrom_validation" time="1.036"/>
  <testcase classname="test.flights_test" name="flights_invalid_departureFrom_validation" time="1.304">
    <failure type="junit.framework.AssertionFailedError" message="expected:&amp;lt;200&amp;gt; but was:&amp;lt;400&amp;gt;">
      <![CDATA[junit.framework.AssertionFailedError: expected:<200> but was:<400>
at junit.framework.Assert.fail(Assert.java:50)
at junit.framework.Assert.failNotEquals(Assert.java:287)
at junit.framework.Assert.assertEquals(Assert.java:67)
at junit.framework.Assert.assertEquals(Assert.java:199)
at junit.framework.Assert.assertEquals(Assert.java:205)
at test.flights_test.flights_invalid_departureFrom_validation(flights_test.java:188)
at java.base/java.util.ArrayList.forEach(ArrayList.java:1511)
... Removed 27 stack frames]]>
    </failure>
  </testcase> <!-- flights_invalid_departureFrom_validation -->
  <testcase classname="test.flights_test" name="flights_invalid_originID_validation" time="3.32"/>
  <testcase classname="test.flights_test" name="flights_invalid_originID_validation" time="0.64"/>
  <testcase classname="test.flights_test" name="flights_invalid_originID_validation" time="0.837"/>
  <testcase classname="test.flights_test" name="flights_invalid_originID_validation" time="1.279"/>
  <testcase classname="test.flights_test" name="flights_json_schema_validation" time="1.124"/>
  <testcase classname="test.flights_test" name="flights_response_not_null_validation" time="0.005"/>
  <testcase classname="test.flights_test" name="flights_response_time_validation" time="0.006"/>
  <testcase classname="test.flights_test" name="flights_status_code_validation" time="0.003"/>
  <testcase classname="test.flights_test" name="flights_verify_date_format_response" time="0.008"/>
  <testcase classname="test.flights_test" name="flights_verify_errors_empty_body" time="0.775"/>
  <testcase classname="test.flights_test" name="flights_verify_future_date_departureTO" time="8.787"/>
  <testcase classname="test.flights_test" name="flights_verify_invalid_adults" time="1.288"/>
  <testcase classname="test.flights_test" name="flights_verify_invalid_adults" time="0.753"/>
  <testcase classname="test.flights_test" name="flights_verify_invalid_adults" time="0.661"/>
  <testcase classname="test.flights_test" name="flights_verify_invalid_adults" time="0.753"/>
  <testcase classname="test.flights_test" name="flights_verify_invalid_cabin_values" time="0.787"/>
  <testcase classname="test.flights_test" name="flights_verify_invalid_cabin_values" time="1.209"/>
  <testcase classname="test.flights_test" name="flights_verify_invalid_cabin_values" time="0.696"/>
  <testcase classname="test.flights_test" name="flights_verify_negative_child_lower_boundry" time="0.724"/>
  <testcase classname="test.flights_test" name="flights_verify_negative_child_upper_boundry" time="0.653"/>
  <testcase classname="test.flights_test" name="flights_verify_negative_infants_lower_boundry" time="1.02"/>
  <testcase classname="test.flights_test" name="flights_verify_negative_infants_upper_boundry" time="0.744"/>
  <testcase classname="test.flights_test" name="flights_verify_price_format_response" time="0.006"/>
  <testcase classname="test.flights_test" name="flights_verify_updatedAt_format_response" time="0.004"/>
  <testcase classname="test.test_hotels" name="hotels_content_type_header_validation" time="0.001"/>
  <testcase classname="test.test_hotels" name="hotels_json_schema_validation" time="1.952"/>
  <testcase classname="test.test_hotels" name="hotels_response_not_null_validation" time="0.009"/>
  <testcase classname="test.test_hotels" name="hotels_response_time_validation" time="0.002"/>
  <testcase classname="test.test_hotels" name="hotels_status_code_validation" time="0.003"/>
  <testcase classname="test.test_hotels" name="hotels_validate_invalid_url" time="0.869"/>
  <testcase classname="test.test_hotels" name="hotels_validate_post_not_successful" time="1.209"/>
  <testcase classname="test.test_hotels" name="hotels_validate_response_without_token" time="0.816"/>
  <testcase classname="test.test_hotels" name="hotels_validate_with_invalid_token" time="0.661"/>
</testsuite> <!-- ALL TESTS -->
