<?xml version="1.0" encoding="UTF-8"?>
<!-- Generated by org.testng.reporters.JUnitXMLReporter -->
<testsuite ignored="0" hostname="LHR-QA-HIRA1" failures="1" tests="25" name="ALL TESTS" time="49.235" errors="0" timestamp="2022-04-03T02:25:53 PKT">
  <testcase classname="test.flights_test" name="flights_content_type_header_validation" time="0.159"/>
  <testcase classname="test.flights_test" name="flights_invalid_departureFrom_validation" time="6.388"/>
  <testcase classname="test.flights_test" name="flights_invalid_departureFrom_validation" time="0.769"/>
  <testcase classname="test.flights_test" name="flights_invalid_departureFrom_validation" time="0.765"/>
  <testcase classname="test.flights_test" name="flights_invalid_departureFrom_validation" time="0.828">
    <failure type="junit.framework.AssertionFailedError" message="expected:&amp;lt;200&amp;gt; but was:&amp;lt;400&amp;gt;">
      <![CDATA[junit.framework.AssertionFailedError: expected:<200> but was:<400>
at junit.framework.Assert.fail(Assert.java:50)
at junit.framework.Assert.failNotEquals(Assert.java:287)
at junit.framework.Assert.assertEquals(Assert.java:67)
at junit.framework.Assert.assertEquals(Assert.java:199)
at junit.framework.Assert.assertEquals(Assert.java:205)
at test.flights_test.flights_invalid_departureFrom_validation(flights_test.java:187)
at java.base/java.util.ArrayList.forEach(ArrayList.java:1511)
... Removed 27 stack frames]]>
    </failure>
  </testcase> <!-- flights_invalid_departureFrom_validation -->
  <testcase classname="test.flights_test" name="flights_invalid_originID_validation" time="1.232"/>
  <testcase classname="test.flights_test" name="flights_invalid_originID_validation" time="0.748"/>
  <testcase classname="test.flights_test" name="flights_invalid_originID_validation" time="1.235"/>
  <testcase classname="test.flights_test" name="flights_invalid_originID_validation" time="1.248"/>
  <testcase classname="test.flights_test" name="flights_json_schema_validation" time="2.143"/>
  <testcase classname="test.flights_test" name="flights_response_not_null_validation" time="0.009"/>
  <testcase classname="test.flights_test" name="flights_response_time_validation" time="0.009"/>
  <testcase classname="test.flights_test" name="flights_status_code_validation" time="0.005"/>
  <testcase classname="test.flights_test" name="flights_verify_date_format_response" time="0.009"/>
  <testcase classname="test.flights_test" name="flights_verify_price_format_response" time="0.007"/>
  <testcase classname="test.flights_test" name="flights_verify_updatedAt_format_response" time="0.004"/>
  <testcase classname="test.test_hotels" name="hotels_content_type_header_validation" time="0.006"/>
  <testcase classname="test.test_hotels" name="hotels_json_schema_validation" time="1.716"/>
  <testcase classname="test.test_hotels" name="hotels_response_not_null_validation" time="0.018"/>
  <testcase classname="test.test_hotels" name="hotels_response_time_validation" time="0.003"/>
  <testcase classname="test.test_hotels" name="hotels_status_code_validation" time="0.004"/>
  <testcase classname="test.test_hotels" name="hotels_validate_invalid_url" time="1.438"/>
  <testcase classname="test.test_hotels" name="hotels_validate_post_not_successful" time="6.048"/>
  <testcase classname="test.test_hotels" name="hotels_validate_response_without_token" time="0.81"/>
  <testcase classname="test.test_hotels" name="hotels_validate_with_invalid_token" time="0.85"/>
</testsuite> <!-- ALL TESTS -->
