<?xml version="1.0" encoding="UTF-8"?>
<!-- Generated by org.testng.reporters.JUnitXMLReporter -->
<testsuite ignored="17" hostname="LHR-QA-HIRA1" failures="0" tests="1" name="Default test" time="2.963" errors="0" timestamp="2022-04-03T21:24:58 PKT">
  <testcase classname="test.flights_test" name="flights_verify_errors_empty_body" time="2.891"/>
  <testcase classname="test.flights_test" name="flights_response_time_validation" time="0.0">
    <ignored/>
  </testcase> <!-- flights_response_time_validation -->
  <testcase classname="test.flights_test" name="flights_verify_price_format_response" time="0.0">
    <ignored/>
  </testcase> <!-- flights_verify_price_format_response -->
  <testcase classname="test.flights_test" name="flights_verify_invalid_cabin_values" time="0.0">
    <ignored/>
  </testcase> <!-- flights_verify_invalid_cabin_values -->
  <testcase classname="test.flights_test" name="flights_invalid_departureFrom_validation" time="0.0">
    <ignored/>
  </testcase> <!-- flights_invalid_departureFrom_validation -->
  <testcase classname="test.flights_test" name="flights_verify_negative_child_upper_boundry" time="0.0">
    <ignored/>
  </testcase> <!-- flights_verify_negative_child_upper_boundry -->
  <testcase classname="test.flights_test" name="flights_verify_invalid_adults" time="0.0">
    <ignored/>
  </testcase> <!-- flights_verify_invalid_adults -->
  <testcase classname="test.flights_test" name="flights_verify_negative_child_lower_boundry" time="0.0">
    <ignored/>
  </testcase> <!-- flights_verify_negative_child_lower_boundry -->
  <testcase classname="test.flights_test" name="flights_verify_date_format_response" time="0.0">
    <ignored/>
  </testcase> <!-- flights_verify_date_format_response -->
  <testcase classname="test.flights_test" name="flights_status_code_validation" time="0.0">
    <ignored/>
  </testcase> <!-- flights_status_code_validation -->
  <testcase classname="test.flights_test" name="flights_verify_future_date_departureTO" time="0.0">
    <ignored/>
  </testcase> <!-- flights_verify_future_date_departureTO -->
  <testcase classname="test.flights_test" name="flights_content_type_header_validation" time="0.0">
    <ignored/>
  </testcase> <!-- flights_content_type_header_validation -->
  <testcase classname="test.flights_test" name="flights_invalid_originID_validation" time="0.0">
    <ignored/>
  </testcase> <!-- flights_invalid_originID_validation -->
  <testcase classname="test.flights_test" name="flights_response_not_null_validation" time="0.0">
    <ignored/>
  </testcase> <!-- flights_response_not_null_validation -->
  <testcase classname="test.flights_test" name="flights_verify_negative_infants_upper_boundry" time="0.0">
    <ignored/>
  </testcase> <!-- flights_verify_negative_infants_upper_boundry -->
  <testcase classname="test.flights_test" name="flights_verify_updatedAt_format_response" time="0.0">
    <ignored/>
  </testcase> <!-- flights_verify_updatedAt_format_response -->
  <testcase classname="test.flights_test" name="flights_verify_negative_infants_lower_boundry" time="0.0">
    <ignored/>
  </testcase> <!-- flights_verify_negative_infants_lower_boundry -->
  <testcase classname="test.flights_test" name="flights_json_schema_validation" time="0.0">
    <ignored/>
  </testcase> <!-- flights_json_schema_validation -->
</testsuite> <!-- Default test -->
